<?xml version="1.0" encoding="UTF-8"?>
<!-- Generated by org.testng.reporters.JUnitReportReporter -->
<testsuite skipped="0" hostname="Admin" name="com.webdriver.scripts.ButtonTest" tests="1" failures="0" timestamp="2021-07-19T22:56:48 IST" time="4.411" errors="0">
  <testcase name="textboxMethods" time="4.411" classname="com.webdriver.scripts.ButtonTest"/>
  <system-out/>
</testsuite> <!-- com.webdriver.scripts.ButtonTest -->
