<?xml version="1.0" encoding="UTF-8"?>
<!-- Generated by org.testng.reporters.JUnitReportReporter -->
<testsuite skipped="0" hostname="Admin" name="com.webdriver.scripts.FramesTest" tests="1" failures="0" timestamp="2021-07-23T23:42:17 IST" time="11.455" errors="0">
  <testcase name="framesMethods" time="11.455" classname="com.webdriver.scripts.FramesTest"/>
  <system-out/>
</testsuite> <!-- com.webdriver.scripts.FramesTest -->
