<?xml version="1.0" encoding="UTF-8"?>
<!-- Generated by org.testng.reporters.JUnitReportReporter -->
<testsuite skipped="0" hostname="Admin" name="com.webdriver.scripts.ListboxTest" tests="1" failures="0" timestamp="2021-07-22T21:35:19 IST" time="7.135" errors="0">
  <testcase name="listboxMethods" time="7.135" classname="com.webdriver.scripts.ListboxTest"/>
  <system-out/>
</testsuite> <!-- com.webdriver.scripts.ListboxTest -->
