<?xml version="1.0" encoding="UTF-8"?>
<!-- Generated by org.testng.reporters.JUnitReportReporter -->
<testsuite skipped="0" hostname="Admin" name="com.webdriver.scripts.CheckboxTest" tests="1" failures="0" timestamp="2021-07-22T21:02:38 IST" time="4.735" errors="0">
  <testcase name="textboxMethods" time="4.735" classname="com.webdriver.scripts.CheckboxTest"/>
  <system-out/>
</testsuite> <!-- com.webdriver.scripts.CheckboxTest -->
