<?xml version="1.0" encoding="UTF-8"?>
<!-- Generated by org.testng.reporters.JUnitReportReporter -->
<testsuite skipped="0" hostname="Admin" name="com.webdriver.scripts.DragTest" tests="1" failures="0" timestamp="2021-07-23T23:38:59 IST" time="10.691" errors="0">
  <testcase name="dragMethods" time="10.691" classname="com.webdriver.scripts.DragTest"/>
  <system-out/>
</testsuite> <!-- com.webdriver.scripts.DragTest -->
