<?xml version="1.0" encoding="UTF-8"?>
<!-- Generated by org.testng.reporters.JUnitReportReporter -->
<testsuite skipped="0" hostname="Admin" name="com.webdriver.scripts.MenusTest" tests="1" failures="0" timestamp="2021-07-23T22:58:05 IST" time="53.763" errors="0">
  <testcase name="actionMethods" time="53.763" classname="com.webdriver.scripts.MenusTest"/>
  <system-out/>
</testsuite> <!-- com.webdriver.scripts.MenusTest -->
