<?xml version="1.0" encoding="UTF-8"?>
<!-- Generated by org.testng.reporters.JUnitReportReporter -->
<testsuite skipped="0" hostname="Admin" name="com.webdriver.scripts.KeysTest" tests="1" failures="0" timestamp="2021-07-23T23:28:13 IST" time="4.694" errors="0">
  <testcase name="actionMethods" time="4.694" classname="com.webdriver.scripts.KeysTest"/>
  <system-out/>
</testsuite> <!-- com.webdriver.scripts.KeysTest -->
