<?xml version="1.0" encoding="UTF-8"?>
<!-- Generated by org.testng.reporters.JUnitReportReporter -->
<testsuite skipped="0" hostname="Admin" name="com.webdriver.scripts.ImageTest" tests="1" failures="0" timestamp="2021-07-19T22:54:02 IST" time="3.253" errors="0">
  <testcase name="textboxMethods" time="3.253" classname="com.webdriver.scripts.ImageTest"/>
  <system-out/>
</testsuite> <!-- com.webdriver.scripts.ImageTest -->
